[12:27:30] [main/INFO] (FabricLoader/GameProvider) Loading Minecraft 1.21.11 with Fabric Loader 0.18.4
[12:27:30] [ForkJoinPool-1-worker-4/WARN] (FabricLoader/Metadata) Mod eliminate uses the version beta1.0 which isn't compatible with Loader's extended semantic version format (Could not parse version number component 'beta1'!), SemVer is recommended for reliably evaluating dependencies and prioritizing newer version
[12:27:30] [main/INFO] (FabricLoader) Loading 51 mods:
	- eliminate beta1.0
	- fabric-api 0.141.1+1.21.11
	- fabric-api-base 1.0.5+4ebb5c083e
	- fabric-api-lookup-api-v1 1.6.113+1fb1cde93e
	- fabric-biome-api-v1 17.1.1+4fc5413f3e
	- fabric-block-api-v1 1.1.10+4ebb5c083e
	- fabric-block-view-api-v2 1.0.39+4ebb5c083e
	- fabric-client-gametest-api-v1 4.3.5+bfe9fcf43e
	- fabric-command-api-v2 2.4.7+6b42a6003e
	- fabric-content-registries-v0 10.2.14+4fc5413f3e
	- fabric-convention-tags-v1 2.1.55+7f945d5b3e
	- fabric-convention-tags-v2 2.17.3+8ef948ba3e
	- fabric-crash-report-info-v1 0.3.23+4ebb5c083e
	- fabric-data-attachment-api-v1 1.8.46+b6ef3aec3e
	- fabric-data-generation-api-v1 23.4.0+69974c4e3e
	- fabric-dimensions-v1 4.0.28+4fc5413f3e
	- fabric-entity-events-v1 3.1.1+1d0ab4303e
	- fabric-events-interaction-v0 4.1.0+3b89ecf63e
	- fabric-game-rule-api-v1 2.0.3+4fc5413f3e
	- fabric-gametest-api-v1 3.1.27+4fc5413f3e
	- fabric-item-api-v1 11.5.20+d0c46b9e3e
	- fabric-item-group-api-v1 4.2.36+4fc5413f3e
	- fabric-key-binding-api-v1 1.1.7+4fc5413f3e
	- fabric-lifecycle-events-v1 2.6.15+4ebb5c083e
	- fabric-loot-api-v2 3.0.73+3f89f5a53e
	- fabric-loot-api-v3 2.0.20+78c8b4663e
	- fabric-message-api-v1 6.1.12+4ebb5c083e
	- fabric-model-loading-api-v1 6.0.14+4fc5413f3e
	- fabric-networking-api-v1 5.1.5+ae1e07683e
	- fabric-object-builder-api-v1 21.1.39+4fc5413f3e
	- fabric-particles-v1 4.2.11+4fc5413f3e
	- fabric-recipe-api-v1 8.2.3+4ebb5c083e
	- fabric-registry-sync-v0 6.2.5+1718722b3e
	- fabric-renderer-api-v1 8.0.2+f4ffd2e53e
	- fabric-renderer-indigo 5.0.2+f4ffd2e53e
	- fabric-rendering-fluids-v1 3.1.43+4ebb5c083e
	- fabric-rendering-v1 16.2.9+7edacff13e
	- fabric-resource-conditions-api-v1 5.0.35+4fc5413f3e
	- fabric-resource-loader-v0 3.3.4+4fc5413f3e
	- fabric-resource-loader-v1 1.0.10+78c8b4663e
	- fabric-screen-api-v1 3.1.7+4ebb5c083e
	- fabric-screen-handler-api-v1 1.3.161+4fc5413f3e
	- fabric-serialization-api-v1 1.0.5+4ebb5c083e
	- fabric-sound-api-v1 1.0.51+4fc5413f3e
	- fabric-tag-api-v1 1.2.20+4fc5413f3e
	- fabric-transfer-api-v1 6.0.24+4fc5413f3e
	- fabric-transitive-access-wideners-v1 7.1.0+014c8cec3e
	- fabricloader 0.18.4
	- java 21
	- minecraft 1.21.11
	- mixinextras 0.5.0
[12:27:31] [main/INFO] (FabricLoader/Mixin) SpongePowered MIXIN Subsystem Version=0.8.7 Source=file:/C:/Users/GZ_Sakura/.gradle/caches/modules-2/files-2.1/net.fabricmc/sponge-mixin/0.17.0+mixin.0.8.7/cf31463202f72d03b0ef1e1e38e8ee71b7faaab6/sponge-mixin-0.17.0+mixin.0.8.7.jar Service=Knot/Fabric Env=CLIENT
[12:27:31] [main/INFO] (FabricLoader/Mixin) Loaded Fabric development mappings for mixin remapper!
[12:27:31] [main/INFO] (FabricLoader/Mixin) Compatibility level set to JAVA_21
[12:27:33] [main/INFO] (FabricLoader/MixinExtras|Service) Initializing MixinExtras via com.llamalad7.mixinextras.service.MixinExtrasServiceImpl(version=0.5.0).
[12:27:34] [Datafixer Bootstrap/INFO] (Minecraft) 287 Datafixer optimizations took 552 milliseconds
[12:27:42] [Render thread/INFO] (Minecraft) Environment: Environment[sessionHost=https://sessionserver.mojang.com, servicesHost=https://api.minecraftservices.com, profilesHost=https://api.mojang.com, name=PROD]
[12:27:42] [Render thread/INFO] (Minecraft) Setting user: Player443
[12:27:43] [Render thread/INFO] (Indigo) [Indigo] Registering Indigo renderer!
[12:27:43] [Download-2/ERROR] (Minecraft) Failed to fetch user properties
com.mojang.authlib.exceptions.InvalidCredentialsException: Status: 401
	at knot//com.mojang.authlib.exceptions.MinecraftClientHttpException.toAuthenticationException(MinecraftClientHttpException.java:59)
	at knot//com.mojang.authlib.yggdrasil.YggdrasilUserApiService.fetchProperties(YggdrasilUserApiService.java:150)
	at knot//net.minecraft.client.MinecraftClient.method_55608(MinecraftClient.java:457)
	at java.base/java.util.concurrent.CompletableFuture$AsyncSupply.run(CompletableFuture.java:1768)
	at java.base/java.util.concurrent.ThreadPoolExecutor.runWorker(ThreadPoolExecutor.java:1144)
	at java.base/java.util.concurrent.ThreadPoolExecutor$Worker.run(ThreadPoolExecutor.java:642)
	at java.base/java.lang.Thread.run(Thread.java:1583)
Caused by: com.mojang.authlib.exceptions.MinecraftClientHttpException: Status: 401
	at knot//com.mojang.authlib.minecraft.client.MinecraftClient.readInputStream(MinecraftClient.java:103)
	at knot//com.mojang.authlib.minecraft.client.MinecraftClient.get(MinecraftClient.java:56)
	at knot//com.mojang.authlib.yggdrasil.YggdrasilUserApiService.fetchProperties(YggdrasilUserApiService.java:121)
	... 5 more
[12:27:43] [Render thread/INFO] (Minecraft) Backend library: LWJGL version 3.3.3-snapshot
[12:27:44] [Render thread/INFO] (Minecraft) Using optional rendering extensions: GL_ARB_buffer_storage, GL_KHR_debug, GL_ARB_vertex_attrib_binding, GL_ARB_direct_state_access, GL_EXT_texture_filter_anisotropic
[12:27:45] [Render thread/INFO] (Minecraft) Reloading ResourceManager: vanilla, eliminate, fabric-api, fabric-api-base, fabric-api-lookup-api-v1, fabric-biome-api-v1, fabric-block-api-v1, fabric-block-view-api-v2, fabric-client-gametest-api-v1, fabric-command-api-v2, fabric-content-registries-v0, fabric-convention-tags-v1, fabric-convention-tags-v2, fabric-crash-report-info-v1, fabric-data-attachment-api-v1, fabric-data-generation-api-v1, fabric-dimensions-v1, fabric-entity-events-v1, fabric-events-interaction-v0, fabric-game-rule-api-v1, fabric-gametest-api-v1, fabric-item-api-v1, fabric-item-group-api-v1, fabric-key-binding-api-v1, fabric-lifecycle-events-v1, fabric-loot-api-v2, fabric-loot-api-v3, fabric-message-api-v1, fabric-model-loading-api-v1, fabric-networking-api-v1, fabric-object-builder-api-v1, fabric-particles-v1, fabric-recipe-api-v1, fabric-registry-sync-v0, fabric-renderer-api-v1, fabric-renderer-indigo, fabric-rendering-fluids-v1, fabric-rendering-v1, fabric-resource-conditions-api-v1, fabric-resource-loader-v0, fabric-resource-loader-v1, fabric-screen-api-v1, fabric-screen-handler-api-v1, fabric-serialization-api-v1, fabric-sound-api-v1, fabric-tag-api-v1, fabric-transfer-api-v1, fabric-transitive-access-wideners-v1, fabricloader
[12:27:46] [Worker-Main-2/INFO] (Minecraft) Found unifont_pua-17.0.01.hex, loading
[12:27:46] [Worker-Main-8/INFO] (Minecraft) Found unifont_all_no_pua-17.0.01.hex, loading
[12:27:46] [Worker-Main-29/INFO] (Minecraft) Found unifont_jp_patch-17.0.01.hex, loading
[12:27:46] [Download-2/INFO] (Minecraft) Could not authorize you against Realms server: java.lang.RuntimeException: Failed to parse into SignedJWT: FabricMC
[12:27:46] [Download-2/ERROR] (Minecraft) Failed to fetch Realms feature flags
net.minecraft.client.realms.exception.RealmsServiceException: Realms authentication error with message 'java.lang.RuntimeException: Failed to parse into SignedJWT: FabricMC'
	at knot//net.minecraft.client.realms.RealmsClient.execute(RealmsClient.java:526)
	at knot//net.minecraft.client.realms.RealmsClient.fetchFeatureFlags(RealmsClient.java:186)
	at java.base/java.util.concurrent.CompletableFuture$AsyncSupply.run(CompletableFuture.java:1768)
	at java.base/java.util.concurrent.ThreadPoolExecutor.runWorker(ThreadPoolExecutor.java:1144)
	at java.base/java.util.concurrent.ThreadPoolExecutor$Worker.run(ThreadPoolExecutor.java:642)
	at java.base/java.lang.Thread.run(Thread.java:1583)
[12:27:47] [Render thread/INFO] (Minecraft) OpenAL initialized on device OpenAL Soft on 扬声器 (Realtek(R) Audio)
[12:27:47] [Render thread/INFO] (Minecraft) Sound engine started
[12:27:47] [Render thread/INFO] (Minecraft) Created: 512x256x0 minecraft:textures/atlas/particles.png-atlas
[12:27:47] [Render thread/INFO] (Minecraft) Created: 128x128x0 minecraft:textures/atlas/decorated_pot.png-atlas
[12:27:47] [Render thread/INFO] (Minecraft) Created: 2048x1024x0 minecraft:textures/atlas/armor_trims.png-atlas
[12:27:47] [Render thread/INFO] (Minecraft) Created: 512x256x0 minecraft:textures/atlas/paintings.png-atlas
[12:27:47] [Render thread/INFO] (Minecraft) Created: 1024x512x0 minecraft:textures/atlas/shield_patterns.png-atlas
[12:27:47] [Render thread/INFO] (Minecraft) Created: 2048x2048x4 minecraft:textures/atlas/blocks.png-atlas
[12:27:47] [Render thread/INFO] (Minecraft) Created: 512x512x0 minecraft:textures/atlas/chest.png-atlas
[12:27:47] [Render thread/INFO] (Minecraft) Created: 256x128x0 minecraft:textures/atlas/celestials.png-atlas
[12:27:47] [Render thread/INFO] (Minecraft) Created: 1024x512x0 minecraft:textures/atlas/banner_patterns.png-atlas
[12:27:47] [Render thread/INFO] (Minecraft) Created: 512x512x0 minecraft:textures/atlas/beds.png-atlas
[12:27:47] [Render thread/INFO] (Minecraft) Created: 1024x512x0 minecraft:textures/atlas/items.png-atlas
[12:27:47] [Render thread/INFO] (Minecraft) Created: 1024x1024x0 minecraft:textures/atlas/gui.png-atlas
[12:27:47] [Render thread/INFO] (Minecraft) Created: 128x64x0 minecraft:textures/atlas/map_decorations.png-atlas
[12:27:47] [Render thread/INFO] (Minecraft) Created: 512x256x0 minecraft:textures/atlas/signs.png-atlas
[12:27:47] [Render thread/INFO] (Minecraft) Created: 512x512x0 minecraft:textures/atlas/shulker_boxes.png-atlas
[12:27:50] [IO-Worker-1/INFO] (Minecraft) Could not authorize you against Realms server: java.lang.RuntimeException: Failed to parse into SignedJWT: FabricMC
[12:27:50] [IO-Worker-1/ERROR] (Minecraft) Couldn't connect to realms
net.minecraft.client.realms.exception.RealmsServiceException: Realms authentication error with message 'java.lang.RuntimeException: Failed to parse into SignedJWT: FabricMC'
	at knot//net.minecraft.client.realms.RealmsClient.execute(RealmsClient.java:526)
	at knot//net.minecraft.client.realms.RealmsClient.clientCompatible(RealmsClient.java:307)
	at knot//net.minecraft.client.realms.RealmsAvailability.method_52627(RealmsAvailability.java:48)
	at java.base/java.util.concurrent.CompletableFuture$AsyncSupply.run(CompletableFuture.java:1768)
	at java.base/java.util.concurrent.ThreadPoolExecutor.runWorker(ThreadPoolExecutor.java:1144)
	at java.base/java.util.concurrent.ThreadPoolExecutor$Worker.run(ThreadPoolExecutor.java:642)
	at java.base/java.lang.Thread.run(Thread.java:1583)
[12:28:02] [Render thread/INFO] (Minecraft) Loaded 1470 recipes
[12:28:02] [Render thread/INFO] (Minecraft) Loaded 1584 advancements
[12:28:02] [Render thread/INFO] (BiomeModificationImpl) Applied 0 biome modifications to 0 of 65 new biomes in 1.234 ms
[12:28:02] [Server thread/INFO] (Minecraft) Starting integrated minecraft server version 1.21.11
[12:28:02] [Server thread/INFO] (Minecraft) Generating keypair
[12:28:02] [Server thread/INFO] (Minecraft) Loading 0 persistent chunks...
[12:28:02] [Server thread/INFO] (Minecraft) 准备生成区域中：16%
[12:28:03] [Server thread/INFO] (Minecraft) Loading 49 chunks for player spawn...
[12:28:03] [Server thread/INFO] (Minecraft) 准备生成区域中：16%
[12:28:03] [Server thread/INFO] (Minecraft) 准备生成区域中：61%
[12:28:03] [Server thread/INFO] (Minecraft) Time elapsed: 1046 ms
[12:28:03] [Server thread/INFO] (Minecraft) Player443[local:E:ff8bd442] logged in with entity id 236 at (318.30330962482, 64.0, -565.251267731646)
[12:28:03] [Server thread/INFO] (Minecraft) Player443加入了游戏
[12:28:04] [Server thread/INFO] (Minecraft) Changing view distance to 16, from 10
[12:28:04] [Server thread/INFO] (Minecraft) Changing simulation distance to 10, from 0
[12:28:04] [Render thread/INFO] (Minecraft) Loaded 22 advancements
[12:28:04] [Render thread/INFO] (Minecraft) Resizing Dynamic Transforms UBO, capacity limit of 2 reached during a single frame. New capacity will be 4.
[12:28:04] [Render thread/INFO] (Minecraft) Resizing Dynamic Transforms UBO, capacity limit of 4 reached during a single frame. New capacity will be 8.
[12:28:04] [Render thread/INFO] (Minecraft) Resizing Chunk Sections UBO, capacity limit of 2 reached during a single frame. New capacity will be 4.
[12:28:04] [Render thread/INFO] (Minecraft) Resizing Chunk Sections UBO, capacity limit of 4 reached during a single frame. New capacity will be 8.
[12:28:04] [Render thread/INFO] (Minecraft) Resizing Chunk Sections UBO, capacity limit of 8 reached during a single frame. New capacity will be 16.
[12:28:04] [Render thread/INFO] (Minecraft) Resizing Chunk Sections UBO, capacity limit of 16 reached during a single frame. New capacity will be 32.
[12:28:05] [Render thread/INFO] (Minecraft) Resizing Chunk Sections UBO, capacity limit of 32 reached during a single frame. New capacity will be 64.
[12:28:05] [Render thread/INFO] (Minecraft) Resizing Chunk Sections UBO, capacity limit of 64 reached during a single frame. New capacity will be 128.
[12:28:05] [Render thread/INFO] (Minecraft) Resizing Chunk Sections UBO, capacity limit of 128 reached during a single frame. New capacity will be 256.
[12:28:06] [Render thread/INFO] (Minecraft) Resizing Chunk Sections UBO, capacity limit of 256 reached during a single frame. New capacity will be 512.
[12:28:07] [Render thread/INFO] (Minecraft) Resizing Chunk Sections UBO, capacity limit of 512 reached during a single frame. New capacity will be 1024.
[12:28:19] [Render thread/INFO] (Minecraft) [System] [CHAT] Eliminate Debug: ON
[12:28:20] [Render thread/INFO] (Eliminate) Eliminate Debug: Checked 1483, Culled 144 objects/sec
[12:28:21] [Render thread/INFO] (Eliminate) Eliminate Debug: Checked 8909, Culled 913 objects/sec
[12:28:22] [Render thread/INFO] (Eliminate) Eliminate Debug: Checked 6233, Culled 535 objects/sec
[12:28:23] [Render thread/INFO] (Eliminate) Eliminate Debug: Checked 9605, Culled 785 objects/sec
[12:28:24] [Render thread/INFO] (Eliminate) Eliminate Debug: Checked 7623, Culled 866 objects/sec
[12:28:25] [Render thread/INFO] (Eliminate) Eliminate Debug: Checked 11120, Culled 1606 objects/sec
[12:28:26] [Render thread/INFO] (Eliminate) Eliminate Debug: Checked 10349, Culled 1613 objects/sec
[12:28:27] [Render thread/INFO] (Eliminate) Eliminate Debug: Checked 9974, Culled 1582 objects/sec
[12:28:28] [Render thread/INFO] (Eliminate) Eliminate Debug: Checked 5483, Culled 886 objects/sec
[12:28:29] [Render thread/INFO] (Eliminate) Eliminate Debug: Checked 5839, Culled 989 objects/sec
[12:28:30] [Render thread/INFO] (Eliminate) Eliminate Debug: Checked 9383, Culled 1643 objects/sec
[12:28:30] [Render thread/INFO] (Minecraft) [System] [CHAT] 已将截图保存为2026-01-11_12.28.30.png
[12:28:31] [Render thread/INFO] (Eliminate) Eliminate Debug: Checked 3212, Culled 528 objects/sec
[12:28:32] [Render thread/INFO] (Eliminate) Eliminate Debug: Checked 0, Culled 0 objects/sec
[12:28:33] [Render thread/INFO] (Eliminate) Eliminate Debug: Checked 4572, Culled 777 objects/sec
[12:28:34] [Render thread/INFO] (Eliminate) Eliminate Debug: Checked 0, Culled 0 objects/sec
[12:28:35] [Render thread/INFO] (Eliminate) Eliminate Debug: Checked 0, Culled 0 objects/sec
[12:28:36] [Render thread/INFO] (Eliminate) Eliminate Debug: Checked 0, Culled 0 objects/sec
[12:28:37] [Render thread/INFO] (Eliminate) Eliminate Debug: Checked 802, Culled 140 objects/sec
[12:28:38] [Render thread/INFO] (Eliminate) Eliminate Debug: Checked 0, Culled 0 objects/sec
[12:28:39] [Render thread/INFO] (Eliminate) Eliminate Debug: Checked 4349, Culled 756 objects/sec
[12:28:40] [Render thread/INFO] (Eliminate) Eliminate Debug: Checked 5041, Culled 865 objects/sec
[12:28:41] [Render thread/INFO] (Eliminate) Eliminate Debug: Checked 7835, Culled 1288 objects/sec
[12:28:42] [Render thread/INFO] (Eliminate) Eliminate Debug: Checked 6796, Culled 1200 objects/sec
[12:28:43] [Render thread/INFO] (Eliminate) Eliminate Debug: Checked 5226, Culled 911 objects/sec
[12:28:44] [Render thread/INFO] (Eliminate) Eliminate Debug: Checked 6490, Culled 1067 objects/sec
[12:28:45] [Render thread/INFO] (Eliminate) Eliminate Debug: Checked 6848, Culled 1016 objects/sec
[12:28:46] [Render thread/INFO] (Eliminate) Eliminate Debug: Checked 4753, Culled 624 objects/sec
[12:28:47] [Render thread/INFO] (Eliminate) Eliminate Debug: Checked 7350, Culled 797 objects/sec
[12:28:48] [Render thread/INFO] (Eliminate) Eliminate Debug: Checked 6725, Culled 702 objects/sec
[12:28:49] [Render thread/INFO] (Eliminate) Eliminate Debug: Checked 4846, Culled 406 objects/sec
[12:28:50] [Render thread/INFO] (Eliminate) Eliminate Debug: Checked 7966, Culled 576 objects/sec
[12:28:51] [Render thread/INFO] (Eliminate) Eliminate Debug: Checked 1076, Culled 64 objects/sec
[12:28:52] [Render thread/INFO] (Eliminate) Eliminate Debug: Checked 0, Culled 0 objects/sec
[12:28:53] [Render thread/INFO] (Eliminate) Eliminate Debug: Checked 0, Culled 0 objects/sec
[12:28:54] [Render thread/INFO] (Eliminate) Eliminate Debug: Checked 0, Culled 0 objects/sec
[12:28:55] [Render thread/INFO] (Eliminate) Eliminate Debug: Checked 0, Culled 0 objects/sec
[12:28:56] [Render thread/INFO] (Eliminate) Eliminate Debug: Checked 0, Culled 0 objects/sec
[12:28:57] [Render thread/INFO] (Eliminate) Eliminate Debug: Checked 0, Culled 0 objects/sec
[12:28:58] [Render thread/INFO] (Eliminate) Eliminate Debug: Checked 0, Culled 0 objects/sec
[12:28:59] [Render thread/INFO] (Eliminate) Eliminate Debug: Checked 0, Culled 0 objects/sec
[12:29:00] [Render thread/INFO] (Eliminate) Eliminate Debug: Checked 0, Culled 0 objects/sec
[12:29:01] [Render thread/INFO] (Eliminate) Eliminate Debug: Checked 0, Culled 0 objects/sec
[12:29:02] [Render thread/INFO] (Eliminate) Eliminate Debug: Checked 0, Culled 0 objects/sec
[12:29:03] [Render thread/INFO] (Eliminate) Eliminate Debug: Checked 0, Culled 0 objects/sec
[12:29:04] [Render thread/INFO] (Eliminate) Eliminate Debug: Checked 0, Culled 0 objects/sec
[12:29:05] [Render thread/INFO] (Eliminate) Eliminate Debug: Checked 0, Culled 0 objects/sec
[12:29:06] [Render thread/INFO] (Eliminate) Eliminate Debug: Checked 0, Culled 0 objects/sec
[12:29:07] [Render thread/INFO] (Eliminate) Eliminate Debug: Checked 0, Culled 0 objects/sec
[12:29:08] [Render thread/INFO] (Eliminate) Eliminate Debug: Checked 0, Culled 0 objects/sec
[12:29:09] [Render thread/INFO] (Eliminate) Eliminate Debug: Checked 0, Culled 0 objects/sec
[12:29:10] [Render thread/INFO] (Eliminate) Eliminate Debug: Checked 0, Culled 0 objects/sec
[12:29:11] [Render thread/INFO] (Eliminate) Eliminate Debug: Checked 0, Culled 0 objects/sec
[12:29:12] [Render thread/INFO] (Eliminate) Eliminate Debug: Checked 0, Culled 0 objects/sec
[12:29:13] [Render thread/INFO] (Eliminate) Eliminate Debug: Checked 0, Culled 0 objects/sec
[12:29:14] [Render thread/INFO] (Eliminate) Eliminate Debug: Checked 0, Culled 0 objects/sec
[12:29:15] [Render thread/INFO] (Eliminate) Eliminate Debug: Checked 0, Culled 0 objects/sec
[12:29:16] [Render thread/INFO] (Eliminate) Eliminate Debug: Checked 0, Culled 0 objects/sec
[12:29:17] [Render thread/INFO] (Eliminate) Eliminate Debug: Checked 0, Culled 0 objects/sec
[12:29:18] [Render thread/INFO] (Eliminate) Eliminate Debug: Checked 0, Culled 0 objects/sec
[12:29:19] [Render thread/INFO] (Eliminate) Eliminate Debug: Checked 0, Culled 0 objects/sec
[12:29:20] [Render thread/INFO] (Eliminate) Eliminate Debug: Checked 0, Culled 0 objects/sec
[12:29:21] [Render thread/INFO] (Eliminate) Eliminate Debug: Checked 0, Culled 0 objects/sec
[12:29:22] [Render thread/INFO] (Eliminate) Eliminate Debug: Checked 0, Culled 0 objects/sec
[12:29:23] [Render thread/INFO] (Eliminate) Eliminate Debug: Checked 0, Culled 0 objects/sec
[12:29:24] [Render thread/INFO] (Eliminate) Eliminate Debug: Checked 0, Culled 0 objects/sec
[12:29:25] [Render thread/INFO] (Eliminate) Eliminate Debug: Checked 0, Culled 0 objects/sec
[12:29:26] [Render thread/INFO] (Eliminate) Eliminate Debug: Checked 0, Culled 0 objects/sec
[12:29:27] [Render thread/INFO] (Eliminate) Eliminate Debug: Checked 0, Culled 0 objects/sec
[12:29:28] [Render thread/INFO] (Eliminate) Eliminate Debug: Checked 0, Culled 0 objects/sec
[12:29:29] [Render thread/INFO] (Eliminate) Eliminate Debug: Checked 0, Culled 0 objects/sec
[12:29:30] [Render thread/INFO] (Eliminate) Eliminate Debug: Checked 0, Culled 0 objects/sec
[12:29:31] [Render thread/INFO] (Eliminate) Eliminate Debug: Checked 0, Culled 0 objects/sec
[12:29:32] [Render thread/INFO] (Eliminate) Eliminate Debug: Checked 0, Culled 0 objects/sec
[12:29:33] [Render thread/INFO] (Eliminate) Eliminate Debug: Checked 0, Culled 0 objects/sec
[12:29:34] [Render thread/INFO] (Eliminate) Eliminate Debug: Checked 0, Culled 0 objects/sec
[12:29:35] [Render thread/INFO] (Eliminate) Eliminate Debug: Checked 0, Culled 0 objects/sec
[12:29:36] [Render thread/INFO] (Eliminate) Eliminate Debug: Checked 0, Culled 0 objects/sec
[12:29:37] [Render thread/INFO] (Eliminate) Eliminate Debug: Checked 0, Culled 0 objects/sec
[12:29:38] [Render thread/INFO] (Eliminate) Eliminate Debug: Checked 0, Culled 0 objects/sec
[12:29:39] [Render thread/INFO] (Eliminate) Eliminate Debug: Checked 0, Culled 0 objects/sec
[12:29:40] [Render thread/INFO] (Eliminate) Eliminate Debug: Checked 0, Culled 0 objects/sec
[12:29:41] [Render thread/INFO] (Eliminate) Eliminate Debug: Checked 0, Culled 0 objects/sec
[12:29:42] [Render thread/INFO] (Eliminate) Eliminate Debug: Checked 0, Culled 0 objects/sec
[12:29:43] [Render thread/INFO] (Eliminate) Eliminate Debug: Checked 0, Culled 0 objects/sec
[12:29:44] [Render thread/INFO] (Eliminate) Eliminate Debug: Checked 0, Culled 0 objects/sec
[12:29:45] [Render thread/INFO] (Eliminate) Eliminate Debug: Checked 20414, Culled 1910 objects/sec
[12:29:46] [Render thread/INFO] (Eliminate) Eliminate Debug: Checked 18539, Culled 1827 objects/sec
[12:29:47] [Render thread/INFO] (Eliminate) Eliminate Debug: Checked 3625, Culled 290 objects/sec
[12:29:48] [Render thread/INFO] (Eliminate) Eliminate Debug: Checked 0, Culled 0 objects/sec
[12:29:49] [Render thread/INFO] (Eliminate) Eliminate Debug: Checked 356, Culled 30 objects/sec
[12:29:50] [Render thread/INFO] (Eliminate) Eliminate Debug: Checked 0, Culled 0 objects/sec
[12:29:51] [Render thread/INFO] (Eliminate) Eliminate Debug: Checked 0, Culled 0 objects/sec
[12:29:52] [Render thread/INFO] (Eliminate) Eliminate Debug: Checked 23390, Culled 2425 objects/sec
[12:29:53] [Render thread/INFO] (Eliminate) Eliminate Debug: Checked 7157, Culled 637 objects/sec
[12:29:54] [Render thread/INFO] (Eliminate) Eliminate Debug: Checked 6024, Culled 478 objects/sec
[12:29:55] [Render thread/INFO] (Eliminate) Eliminate Debug: Checked 630, Culled 28 objects/sec
[12:29:56] [Render thread/INFO] (Eliminate) Eliminate Debug: Checked 0, Culled 0 objects/sec
[12:29:57] [Render thread/INFO] (Eliminate) Eliminate Debug: Checked 0, Culled 0 objects/sec
[12:29:58] [Render thread/INFO] (Eliminate) Eliminate Debug: Checked 0, Culled 0 objects/sec
[12:29:59] [Render thread/INFO] (Eliminate) Eliminate Debug: Checked 0, Culled 0 objects/sec
[12:30:00] [Render thread/INFO] (Eliminate) Eliminate Debug: Checked 1002, Culled 78 objects/sec
[12:30:01] [Render thread/INFO] (Eliminate) Eliminate Debug: Checked 620, Culled 16 objects/sec
[12:30:02] [Render thread/INFO] (Eliminate) Eliminate Debug: Checked 0, Culled 0 objects/sec
[12:30:03] [Render thread/INFO] (Eliminate) Eliminate Debug: Checked 0, Culled 0 objects/sec
[12:30:04] [Render thread/INFO] (Eliminate) Eliminate Debug: Checked 0, Culled 0 objects/sec
[12:30:05] [Render thread/INFO] (Eliminate) Eliminate Debug: Checked 0, Culled 0 objects/sec
[12:30:06] [Render thread/INFO] (Eliminate) Eliminate Debug: Checked 0, Culled 0 objects/sec
[12:30:07] [Render thread/INFO] (Eliminate) Eliminate Debug: Checked 0, Culled 0 objects/sec
[12:30:08] [Render thread/INFO] (Eliminate) Eliminate Debug: Checked 0, Culled 0 objects/sec
[12:30:09] [Render thread/INFO] (Eliminate) Eliminate Debug: Checked 0, Culled 0 objects/sec
[12:30:10] [Render thread/INFO] (Eliminate) Eliminate Debug: Checked 0, Culled 0 objects/sec
[12:30:11] [Render thread/INFO] (Eliminate) Eliminate Debug: Checked 0, Culled 0 objects/sec
[12:30:12] [Render thread/INFO] (Eliminate) Eliminate Debug: Checked 0, Culled 0 objects/sec
[12:30:13] [Render thread/INFO] (Eliminate) Eliminate Debug: Checked 0, Culled 0 objects/sec
[12:30:14] [Render thread/INFO] (Eliminate) Eliminate Debug: Checked 0, Culled 0 objects/sec
[12:30:15] [Render thread/INFO] (Eliminate) Eliminate Debug: Checked 0, Culled 0 objects/sec
[12:30:16] [Render thread/INFO] (Eliminate) Eliminate Debug: Checked 0, Culled 0 objects/sec
[12:30:17] [Render thread/INFO] (Eliminate) Eliminate Debug: Checked 0, Culled 0 objects/sec
[12:30:18] [Render thread/INFO] (Eliminate) Eliminate Debug: Checked 0, Culled 0 objects/sec
[12:30:19] [Render thread/INFO] (Eliminate) Eliminate Debug: Checked 0, Culled 0 objects/sec
[12:30:20] [Render thread/INFO] (Eliminate) Eliminate Debug: Checked 0, Culled 0 objects/sec
[12:30:21] [Render thread/INFO] (Eliminate) Eliminate Debug: Checked 0, Culled 0 objects/sec
[12:30:22] [Render thread/INFO] (Eliminate) Eliminate Debug: Checked 0, Culled 0 objects/sec
[12:30:23] [Render thread/INFO] (Eliminate) Eliminate Debug: Checked 0, Culled 0 objects/sec
[12:30:24] [Render thread/INFO] (Eliminate) Eliminate Debug: Checked 0, Culled 0 objects/sec
[12:30:25] [Render thread/INFO] (Eliminate) Eliminate Debug: Checked 0, Culled 0 objects/sec
[12:30:26] [Render thread/INFO] (Eliminate) Eliminate Debug: Checked 0, Culled 0 objects/sec
[12:30:27] [Render thread/INFO] (Eliminate) Eliminate Debug: Checked 0, Culled 0 objects/sec
[12:30:28] [Render thread/INFO] (Eliminate) Eliminate Debug: Checked 0, Culled 0 objects/sec
[12:30:29] [Render thread/INFO] (Eliminate) Eliminate Debug: Checked 0, Culled 0 objects/sec
[12:30:30] [Render thread/INFO] (Eliminate) Eliminate Debug: Checked 0, Culled 0 objects/sec
[12:30:31] [Render thread/INFO] (Eliminate) Eliminate Debug: Checked 0, Culled 0 objects/sec
[12:30:32] [Render thread/INFO] (Eliminate) Eliminate Debug: Checked 0, Culled 0 objects/sec
[12:30:33] [Render thread/INFO] (Eliminate) Eliminate Debug: Checked 0, Culled 0 objects/sec
[12:30:34] [Render thread/INFO] (Eliminate) Eliminate Debug: Checked 0, Culled 0 objects/sec
[12:30:35] [Render thread/INFO] (Eliminate) Eliminate Debug: Checked 0, Culled 0 objects/sec
[12:30:36] [Render thread/INFO] (Eliminate) Eliminate Debug: Checked 0, Culled 0 objects/sec
[12:30:37] [Render thread/INFO] (Eliminate) Eliminate Debug: Checked 0, Culled 0 objects/sec
[12:30:38] [Render thread/INFO] (Eliminate) Eliminate Debug: Checked 0, Culled 0 objects/sec
[12:30:39] [Render thread/INFO] (Eliminate) Eliminate Debug: Checked 0, Culled 0 objects/sec
[12:30:40] [Render thread/INFO] (Eliminate) Eliminate Debug: Checked 0, Culled 0 objects/sec
[12:30:41] [Render thread/INFO] (Eliminate) Eliminate Debug: Checked 0, Culled 0 objects/sec
[12:30:42] [Render thread/INFO] (Eliminate) Eliminate Debug: Checked 0, Culled 0 objects/sec
[12:30:43] [Render thread/INFO] (Eliminate) Eliminate Debug: Checked 0, Culled 0 objects/sec
[12:30:44] [Render thread/INFO] (Eliminate) Eliminate Debug: Checked 0, Culled 0 objects/sec
[12:30:45] [Render thread/INFO] (Eliminate) Eliminate Debug: Checked 0, Culled 0 objects/sec
[12:30:46] [Render thread/INFO] (Eliminate) Eliminate Debug: Checked 0, Culled 0 objects/sec
[12:30:47] [Render thread/INFO] (Eliminate) Eliminate Debug: Checked 0, Culled 0 objects/sec
[12:30:48] [Render thread/INFO] (Eliminate) Eliminate Debug: Checked 0, Culled 0 objects/sec
[12:30:49] [Render thread/INFO] (Eliminate) Eliminate Debug: Checked 0, Culled 0 objects/sec
[12:30:50] [Render thread/INFO] (Eliminate) Eliminate Debug: Checked 0, Culled 0 objects/sec
[12:30:51] [Render thread/INFO] (Eliminate) Eliminate Debug: Checked 0, Culled 0 objects/sec
[12:30:52] [Render thread/INFO] (Eliminate) Eliminate Debug: Checked 0, Culled 0 objects/sec
[12:30:53] [Render thread/INFO] (Eliminate) Eliminate Debug: Checked 0, Culled 0 objects/sec
[12:30:54] [Render thread/INFO] (Eliminate) Eliminate Debug: Checked 0, Culled 0 objects/sec
[12:30:55] [Render thread/INFO] (Eliminate) Eliminate Debug: Checked 0, Culled 0 objects/sec
[12:30:56] [Render thread/INFO] (Eliminate) Eliminate Debug: Checked 0, Culled 0 objects/sec
[12:30:57] [Render thread/INFO] (Eliminate) Eliminate Debug: Checked 0, Culled 0 objects/sec
[12:30:58] [Render thread/INFO] (Eliminate) Eliminate Debug: Checked 0, Culled 0 objects/sec
[12:30:59] [Render thread/INFO] (Eliminate) Eliminate Debug: Checked 0, Culled 0 objects/sec
[12:31:00] [Render thread/INFO] (Eliminate) Eliminate Debug: Checked 0, Culled 0 objects/sec
[12:31:01] [Render thread/INFO] (Eliminate) Eliminate Debug: Checked 0, Culled 0 objects/sec
[12:31:02] [Render thread/INFO] (Eliminate) Eliminate Debug: Checked 0, Culled 0 objects/sec
[12:31:03] [Render thread/INFO] (Eliminate) Eliminate Debug: Checked 338, Culled 12 objects/sec
[12:31:04] [Render thread/INFO] (Eliminate) Eliminate Debug: Checked 6090, Culled 264 objects/sec
[12:31:05] [Render thread/INFO] (Eliminate) Eliminate Debug: Checked 4536, Culled 230 objects/sec
[12:31:06] [Render thread/INFO] (Eliminate) Eliminate Debug: Checked 9988, Culled 768 objects/sec
[12:31:07] [Render thread/INFO] (Eliminate) Eliminate Debug: Checked 13932, Culled 1331 objects/sec
[12:31:08] [Render thread/INFO] (Eliminate) Eliminate Debug: Checked 11777, Culled 1440 objects/sec
[12:31:09] [Render thread/INFO] (Eliminate) Eliminate Debug: Checked 18565, Culled 2124 objects/sec
[12:31:10] [Render thread/INFO] (Eliminate) Eliminate Debug: Checked 12577, Culled 1223 objects/sec
[12:31:10] [Render thread/INFO] (Minecraft) Resizing Chunk Sections UBO, capacity limit of 1024 reached during a single frame. New capacity will be 2048.
[12:31:11] [Render thread/INFO] (Eliminate) Eliminate Debug: Checked 35698, Culled 4923 objects/sec
[12:31:12] [Render thread/INFO] (Eliminate) Eliminate Debug: Checked 12481, Culled 1677 objects/sec
[12:31:13] [Render thread/INFO] (Eliminate) Eliminate Debug: Checked 23621, Culled 3265 objects/sec
[12:31:14] [Render thread/INFO] (Eliminate) Eliminate Debug: Checked 7987, Culled 1045 objects/sec
[12:31:15] [Render thread/INFO] (Eliminate) Eliminate Debug: Checked 1090, Culled 141 objects/sec
[12:31:16] [Render thread/INFO] (Eliminate) Eliminate Debug: Checked 553, Culled 71 objects/sec
[12:31:17] [Render thread/INFO] (Eliminate) Eliminate Debug: Checked 0, Culled 0 objects/sec
[12:31:18] [Render thread/INFO] (Eliminate) Eliminate Debug: Checked 0, Culled 0 objects/sec
[12:31:19] [Render thread/INFO] (Eliminate) Eliminate Debug: Checked 0, Culled 0 objects/sec
[12:31:20] [Render thread/INFO] (Eliminate) Eliminate Debug: Checked 0, Culled 0 objects/sec
[12:31:21] [Render thread/INFO] (Eliminate) Eliminate Debug: Checked 0, Culled 0 objects/sec
[12:31:22] [Render thread/INFO] (Eliminate) Eliminate Debug: Checked 0, Culled 0 objects/sec
[12:31:23] [Render thread/INFO] (Eliminate) Eliminate Debug: Checked 0, Culled 0 objects/sec
[12:31:24] [Render thread/INFO] (Eliminate) Eliminate Debug: Checked 0, Culled 0 objects/sec
[12:31:25] [Render thread/INFO] (Eliminate) Eliminate Debug: Checked 0, Culled 0 objects/sec
[12:31:26] [Render thread/INFO] (Eliminate) Eliminate Debug: Checked 0, Culled 0 objects/sec
[12:31:27] [Render thread/INFO] (Eliminate) Eliminate Debug: Checked 0, Culled 0 objects/sec
[12:31:28] [Render thread/INFO] (Eliminate) Eliminate Debug: Checked 0, Culled 0 objects/sec
[12:31:29] [Render thread/INFO] (Eliminate) Eliminate Debug: Checked 0, Culled 0 objects/sec
[12:31:30] [Render thread/INFO] (Eliminate) Eliminate Debug: Checked 0, Culled 0 objects/sec
[12:31:31] [Render thread/INFO] (Eliminate) Eliminate Debug: Checked 0, Culled 0 objects/sec
[12:31:32] [Render thread/INFO] (Eliminate) Eliminate Debug: Checked 0, Culled 0 objects/sec
[12:31:33] [Render thread/INFO] (Eliminate) Eliminate Debug: Checked 0, Culled 0 objects/sec
[12:31:34] [Render thread/INFO] (Eliminate) Eliminate Debug: Checked 0, Culled 0 objects/sec
[12:31:35] [Render thread/INFO] (Eliminate) Eliminate Debug: Checked 0, Culled 0 objects/sec
[12:31:36] [Render thread/INFO] (Eliminate) Eliminate Debug: Checked 0, Culled 0 objects/sec
[12:31:37] [Render thread/INFO] (Eliminate) Eliminate Debug: Checked 0, Culled 0 objects/sec
[12:31:38] [Render thread/INFO] (Eliminate) Eliminate Debug: Checked 0, Culled 0 objects/sec
[12:31:39] [Render thread/INFO] (Eliminate) Eliminate Debug: Checked 0, Culled 0 objects/sec
[12:31:40] [Render thread/INFO] (Eliminate) Eliminate Debug: Checked 0, Culled 0 objects/sec
[12:31:41] [Render thread/INFO] (Eliminate) Eliminate Debug: Checked 0, Culled 0 objects/sec
[12:31:42] [Render thread/INFO] (Eliminate) Eliminate Debug: Checked 7856, Culled 1035 objects/sec
[12:31:43] [Render thread/INFO] (Eliminate) Eliminate Debug: Checked 10328, Culled 1436 objects/sec
[12:31:44] [Render thread/INFO] (Eliminate) Eliminate Debug: Checked 4030, Culled 557 objects/sec
[12:31:45] [Render thread/INFO] (Eliminate) Eliminate Debug: Checked 16467, Culled 1920 objects/sec
[12:31:46] [Render thread/INFO] (Eliminate) Eliminate Debug: Checked 7135, Culled 810 objects/sec
[12:31:47] [Render thread/INFO] (Eliminate) Eliminate Debug: Checked 11114, Culled 1210 objects/sec
[12:31:48] [Render thread/INFO] (Minecraft) Resizing Dynamic Transforms UBO, capacity limit of 8 reached during a single frame. New capacity will be 16.
[12:31:48] [Render thread/INFO] (Eliminate) Eliminate Debug: Checked 8793, Culled 1018 objects/sec
[12:31:49] [Render thread/INFO] (Eliminate) Eliminate Debug: Checked 10516, Culled 1245 objects/sec
[12:31:50] [Render thread/INFO] (Eliminate) Eliminate Debug: Checked 16493, Culled 1800 objects/sec
[12:31:51] [Render thread/INFO] (Eliminate) Eliminate Debug: Checked 12776, Culled 1432 objects/sec
[12:31:52] [Render thread/INFO] (Eliminate) Eliminate Debug: Checked 8805, Culled 1026 objects/sec
[12:31:53] [Render thread/INFO] (Eliminate) Eliminate Debug: Checked 9700, Culled 1226 objects/sec
[12:31:54] [Render thread/INFO] (Eliminate) Eliminate Debug: Checked 0, Culled 0 objects/sec
[12:31:55] [Render thread/INFO] (Eliminate) Eliminate Debug: Checked 0, Culled 0 objects/sec
[12:31:56] [Render thread/INFO] (Eliminate) Eliminate Debug: Checked 0, Culled 0 objects/sec
[12:31:57] [Render thread/INFO] (Eliminate) Eliminate Debug: Checked 361, Culled 46 objects/sec
[12:31:58] [Render thread/INFO] (Minecraft) Stopping!
[12:31:58] [Server thread/INFO] (Minecraft) Player443 lost connection: 连接中断
[12:31:58] [Server thread/INFO] (Minecraft) Player443退出了游戏
[12:31:58] [Server thread/INFO] (Minecraft) Stopping singleplayer server as player logged out
[12:31:58] [Server thread/INFO] (Minecraft) Stopping server
[12:31:58] [Server thread/INFO] (Minecraft) Saving players
[12:31:58] [Server thread/INFO] (Minecraft) Saving worlds
[12:31:58] [Server thread/INFO] (Minecraft) Saving chunks for level 'ServerLevel[新的世界]'/minecraft:overworld
[12:31:59] [Server thread/INFO] (Minecraft) Saving chunks for level 'ServerLevel[新的世界]'/minecraft:the_nether
[12:31:59] [Server thread/INFO] (Minecraft) Saving chunks for level 'ServerLevel[新的世界]'/minecraft:the_end
[12:31:59] [Server thread/INFO] (Minecraft) ThreadedAnvilChunkStorage (新的世界): All chunks are saved
[12:31:59] [Server thread/INFO] (Minecraft) ThreadedAnvilChunkStorage (DIM-1): All chunks are saved
[12:31:59] [Server thread/INFO] (Minecraft) ThreadedAnvilChunkStorage (DIM1): All chunks are saved
[12:31:59] [Server thread/INFO] (Minecraft) ThreadedAnvilChunkStorage: All dimensions are saved
